<?xml version="1.0" encoding="UTF-8"?>
<!-- Generated by org.testng.reporters.JUnitReportReporter -->
<testsuite hostname="LakshikaN-450G7" name="tests.admin.tax.GetTaxAdmin" tests="1" failures="0" timestamp="4 Nov 2022 03:11:53 GMT" time="0.850" errors="0">
  <testcase name="testGetAllTaxes" time="0.850" classname="tests.admin.tax.GetTaxAdmin"/>
</testsuite> <!-- tests.admin.tax.GetTaxAdmin -->
